\BOOKMARK [0][-]{chapter.1}{\376\377\000I\000n\000t\000r\000o\000d\000u\000\347\000\343\000o}{}% 1
\BOOKMARK [1][-]{section.1.1}{\376\377\000O\000\040\000q\000u\000e\000\040\000\351\000\040\000J\000a\000v\000a\000?}{chapter.1}% 2
\BOOKMARK [1][-]{section.1.2}{\376\377\000O\000\040\000p\000a\000p\000e\000l\000\040\000d\000a\000\040\000I\000A\000\040\000n\000a\000\040\000p\000r\000o\000g\000r\000a\000m\000a\000\347\000\343\000o\000\040\000m\000o\000d\000e\000r\000n\000a}{chapter.1}% 3
\BOOKMARK [0][-]{chapter.2}{\376\377\000F\000e\000r\000r\000a\000m\000e\000n\000t\000a\000s\000\040\000e\000\040\000r\000e\000c\000u\000r\000s\000o\000s\000\040\000n\000e\000c\000e\000s\000s\000\341\000r\000i\000o\000s}{}% 4
\BOOKMARK [1][-]{section.2.1}{\376\377\000A\000m\000b\000i\000e\000n\000t\000e\000\040\000d\000e\000\040\000D\000e\000s\000e\000n\000v\000o\000l\000v\000i\000m\000e\000n\000t\000o}{chapter.2}% 5
\BOOKMARK [2][-]{subsection.2.1.1}{\376\377\000P\000r\000o\000m\000p\000t\000\040\000p\000a\000r\000a\000\040\000c\000o\000m\000e\000\347\000a\000r\000\040\000c\000o\000m\000\040\000I\000n\000t\000e\000l\000l\000i\000J\000\040\000I\000D\000E\000A}{section.2.1}% 6
\BOOKMARK [2][-]{subsection.2.1.2}{\376\377\000P\000r\000o\000m\000p\000t\000\040\000p\000a\000r\000a\000\040\000c\000o\000m\000e\000\347\000a\000r\000\040\000c\000o\000m\000\040\000E\000c\000l\000i\000p\000s\000e}{section.2.1}% 7
\BOOKMARK [2][-]{subsection.2.1.3}{\376\377\000P\000r\000o\000m\000p\000t\000\040\000p\000a\000r\000a\000\040\000c\000o\000m\000e\000\347\000a\000r\000\040\000c\000o\000m\000\040\000V\000S\000C\000o\000d\000e}{section.2.1}% 8
\BOOKMARK [1][-]{section.2.2}{\376\377\000J\000a\000v\000a\000\040\000D\000e\000v\000e\000l\000o\000p\000m\000e\000n\000t\000\040\000K\000i\000t\000\040\000\050\000J\000D\000K\000\051}{chapter.2}% 9
\BOOKMARK [2][-]{subsection.2.2.1}{\376\377\000P\000r\000o\000m\000p\000t\000\040\000p\000a\000r\000a\000\040\000i\000n\000s\000t\000a\000l\000a\000r\000\040\000o\000\040\000J\000D\000K}{section.2.2}% 10
\BOOKMARK [1][-]{section.2.3}{\376\377\000G\000e\000r\000e\000n\000c\000i\000a\000m\000e\000n\000t\000o\000\040\000d\000e\000\040\000D\000e\000p\000e\000n\000d\000\352\000n\000c\000i\000a\000s}{chapter.2}% 11
\BOOKMARK [2][-]{subsection.2.3.1}{\376\377\000P\000r\000o\000m\000p\000t\000\040\000p\000a\000r\000a\000\040\000c\000o\000m\000e\000\347\000a\000r\000\040\000c\000o\000m\000\040\000M\000a\000v\000e\000n}{section.2.3}% 12
\BOOKMARK [2][-]{subsection.2.3.2}{\376\377\000P\000r\000o\000m\000p\000t\000\040\000p\000a\000r\000a\000\040\000c\000o\000m\000e\000\347\000a\000r\000\040\000c\000o\000m\000\040\000G\000r\000a\000d\000l\000e}{section.2.3}% 13
\BOOKMARK [1][-]{section.2.4}{\376\377\000C\000o\000n\000t\000r\000o\000l\000e\000\040\000d\000e\000\040\000V\000e\000r\000s\000\343\000o}{chapter.2}% 14
\BOOKMARK [2][-]{subsection.2.4.1}{\376\377\000P\000r\000o\000m\000p\000t\000\040\000p\000a\000r\000a\000\040\000c\000o\000m\000e\000\347\000a\000r\000\040\000c\000o\000m\000\040\000G\000i\000t}{section.2.4}% 15
\BOOKMARK [1][-]{section.2.5}{\376\377\000D\000o\000c\000u\000m\000e\000n\000t\000a\000\347\000\343\000o\000\040\000e\000\040\000R\000e\000c\000u\000r\000s\000o\000s}{chapter.2}% 16
\BOOKMARK [2][-]{subsection.2.5.1}{\376\377\000P\000r\000o\000m\000p\000t\000\040\000p\000a\000r\000a\000\040\000e\000x\000p\000l\000o\000r\000a\000r\000\040\000d\000o\000c\000u\000m\000e\000n\000t\000a\000\347\000\343\000o\000\040\000e\000\040\000t\000u\000t\000o\000r\000i\000a\000i\000s}{section.2.5}% 17
\BOOKMARK [1][-]{section.2.6}{\376\377\000C\000o\000m\000u\000n\000i\000d\000a\000d\000e\000\040\000e\000\040\000P\000r\000\341\000t\000i\000c\000a}{chapter.2}% 18
\BOOKMARK [2][-]{subsection.2.6.1}{\376\377\000P\000r\000o\000m\000p\000t\000\040\000p\000a\000r\000a\000\040\000s\000e\000\040\000e\000n\000v\000o\000l\000v\000e\000r\000\040\000c\000o\000m\000\040\000a\000\040\000c\000o\000m\000u\000n\000i\000d\000a\000d\000e}{section.2.6}% 19
\BOOKMARK [0][-]{chapter*.4}{\376\377\000F\000u\000n\000d\000a\000m\000e\000n\000t\000o\000s\000\040\000d\000e\000\040\000J\000a\000v\000a}{}% 20
\BOOKMARK [1][-]{section.2.7}{\376\377\000I\000n\000t\000r\000o\000d\000u\000\347\000\343\000o}{chapter*.4}% 21
\BOOKMARK [1][-]{section.2.8}{\376\377\000S\000i\000n\000t\000a\000x\000e\000\040\000B\000\341\000s\000i\000c\000a}{chapter*.4}% 22
\BOOKMARK [1][-]{section.2.9}{\376\377\000V\000a\000r\000i\000\341\000v\000e\000i\000s\000\040\000e\000\040\000T\000i\000p\000o\000s\000\040\000d\000e\000\040\000D\000a\000d\000o\000s}{chapter*.4}% 23
\BOOKMARK [1][-]{section.2.10}{\376\377\000E\000x\000p\000l\000o\000r\000a\000n\000d\000o\000\040\000o\000s\000\040\000C\000o\000n\000c\000e\000i\000t\000o\000s\000\040\000F\000u\000n\000d\000a\000m\000e\000n\000t\000a\000i\000s}{chapter*.4}% 24
\BOOKMARK [2][-]{subsection.2.10.1}{\376\377\000T\000i\000p\000o\000s\000\040\000d\000e\000\040\000D\000a\000d\000o\000s}{section.2.10}% 25
\BOOKMARK [2][-]{subsection.2.10.2}{\376\377\000V\000a\000r\000i\000\341\000v\000e\000i\000s}{section.2.10}% 26
\BOOKMARK [1][-]{section.2.11}{\376\377\000E\000x\000e\000m\000p\000l\000o\000s\000\040\000C\000o\000m\000e\000n\000t\000a\000d\000o\000s\000\040\000e\000\040\000S\000u\000g\000e\000s\000t\000\365\000e\000s\000\040\000d\000e\000\040\000P\000r\000o\000m\000p\000t\000\040\000p\000a\000r\000a\000\040\000A\000p\000r\000e\000n\000d\000e\000r\000\040\000c\000o\000m\000\040\000C\000h\000a\000t\000G\000P\000T}{chapter*.4}% 27
\BOOKMARK [2][-]{subsection.2.11.1}{\376\377\000E\000x\000e\000m\000p\000l\000o\000\040\000d\000e\000\040\000C\000\363\000d\000i\000g\000o\000\040\000C\000o\000m\000e\000n\000t\000a\000d\000o}{section.2.11}% 28
\BOOKMARK [2][-]{subsection.2.11.2}{\376\377\000S\000u\000g\000e\000s\000t\000\365\000e\000s\000\040\000d\000e\000\040\000P\000r\000o\000m\000p\000t\000\040\000p\000a\000r\000a\000\040\000C\000h\000a\000t\000G\000P\000T}{section.2.11}% 29
\BOOKMARK [1][-]{section.2.12}{\376\377\000E\000x\000e\000r\000c\000\355\000c\000i\000o\000s\000\040\000R\000e\000s\000o\000l\000v\000i\000d\000o\000s\000\040\000P\000a\000s\000s\000o\000\040\000a\000\040\000P\000a\000s\000s\000o}{chapter*.4}% 30
\BOOKMARK [2][-]{subsection.2.12.1}{\376\377\000E\000x\000e\000r\000c\000\355\000c\000i\000o\000\040\0001\000:\000\040\000C\000a\000l\000c\000u\000l\000a\000d\000o\000r\000a\000\040\000d\000e\000\040\000M\000\351\000d\000i\000a}{section.2.12}% 31
\BOOKMARK [1][-]{section.2.13}{\376\377\000E\000x\000e\000r\000c\000\355\000c\000i\000o\000s\000\040\000p\000r\000o\000p\000o\000s\000t\000o\000s\000\040\000e\000\040\000M\000i\000n\000i\000\040\000P\000r\000o\000j\000e\000t\000o\000s}{chapter*.4}% 32
\BOOKMARK [2][-]{subsection.2.13.1}{\376\377\000E\000x\000e\000r\000c\000\355\000c\000i\000o\000\040\0001\000:\000\040\000C\000o\000n\000v\000e\000r\000s\000o\000r\000\040\000d\000e\000\040\000T\000e\000m\000p\000e\000r\000a\000t\000u\000r\000a}{section.2.13}% 33
\BOOKMARK [2][-]{subsection.2.13.2}{\376\377\000M\000i\000n\000i\000\040\000P\000r\000o\000j\000e\000t\000o\000:\000\040\000C\000a\000l\000c\000u\000l\000a\000d\000o\000r\000a\000\040\000d\000e\000\040\000\301\000r\000e\000a\000\040\000d\000e\000\040\000C\000\355\000r\000c\000u\000l\000o}{section.2.13}% 34
\BOOKMARK [1][-]{section.2.14}{\376\377\000E\000s\000t\000r\000u\000t\000u\000r\000a\000s\000\040\000d\000e\000\040\000C\000o\000n\000t\000r\000o\000l\000e}{chapter*.4}% 35
\BOOKMARK [1][-]{section.2.15}{\376\377\000E\000x\000p\000l\000o\000r\000a\000\347\000\343\000o\000\040\000d\000e\000\040\000C\000o\000n\000c\000e\000i\000t\000o\000s\000\040\000F\000u\000n\000d\000a\000m\000e\000n\000t\000a\000i\000s}{chapter*.4}% 36
\BOOKMARK [2][-]{subsection.2.15.1}{\376\377\000C\000o\000n\000d\000i\000c\000i\000o\000n\000a\000i\000s}{section.2.15}% 37
\BOOKMARK [2][-]{subsection.2.15.2}{\376\377\000L\000o\000o\000p\000s}{section.2.15}% 38
\BOOKMARK [2][-]{subsection.2.15.3}{\376\377\000E\000s\000t\000r\000u\000t\000u\000r\000a\000s\000\040\000d\000e\000\040\000S\000e\000l\000e\000\347\000\343\000o}{section.2.15}% 39
\BOOKMARK [2][-]{subsection.2.15.4}{\376\377\000E\000s\000t\000r\000u\000t\000u\000r\000a\000s\000\040\000d\000e\000\040\000C\000o\000n\000t\000r\000o\000l\000e\000\040\000d\000e\000\040\000F\000l\000u\000x\000o\000\040\000A\000l\000t\000e\000r\000n\000a\000t\000i\000v\000o}{section.2.15}% 40
\BOOKMARK [1][-]{section.2.16}{\376\377\000E\000x\000e\000m\000p\000l\000o\000s\000\040\000C\000o\000m\000e\000n\000t\000a\000d\000o\000s\000\040\000e\000\040\000S\000u\000g\000e\000s\000t\000\365\000e\000s\000\040\000d\000e\000\040\000P\000r\000o\000m\000p\000t\000\040\000p\000a\000r\000a\000\040\000C\000h\000a\000t\000G\000P\000T}{chapter*.4}% 41
\BOOKMARK [2][-]{subsection.2.16.1}{\376\377\000E\000x\000e\000m\000p\000l\000o\000\040\0001}{section.2.16}% 42
\BOOKMARK [2][-]{subsection.2.16.2}{\376\377\000E\000x\000e\000m\000p\000l\000o\000\040\0002}{section.2.16}% 43
\BOOKMARK [1][-]{section.2.17}{\376\377\000E\000x\000e\000r\000c\000\355\000c\000i\000o\000s\000\040\000R\000e\000s\000o\000l\000v\000i\000d\000o\000s\000\040\000P\000a\000s\000s\000o\000\040\000a\000\040\000P\000a\000s\000s\000o}{chapter*.4}% 44
\BOOKMARK [2][-]{subsection.2.17.1}{\376\377\000E\000x\000e\000r\000c\000\355\000c\000i\000o\000\040\0001}{section.2.17}% 45
\BOOKMARK [2][-]{subsection.2.17.2}{\376\377\000E\000x\000e\000r\000c\000\355\000c\000i\000o\000\040\0002}{section.2.17}% 46
\BOOKMARK [1][-]{section.2.18}{\376\377\000E\000x\000e\000r\000c\000\355\000c\000i\000o\000s\000\040\000p\000r\000o\000p\000o\000s\000t\000o\000s\000\040\000e\000\040\000M\000i\000n\000i\000\040\000P\000r\000o\000j\000e\000t\000o\000s}{chapter*.4}% 47
\BOOKMARK [2][-]{subsection.2.18.1}{\376\377\000E\000x\000e\000r\000c\000\355\000c\000i\000o\000\040\0001}{section.2.18}% 48
\BOOKMARK [2][-]{subsection.2.18.2}{\376\377\000E\000x\000e\000r\000c\000\355\000c\000i\000o\000\040\0002}{section.2.18}% 49
\BOOKMARK [2][-]{subsection.2.18.3}{\376\377\000M\000i\000n\000i\000\040\000P\000r\000o\000j\000e\000t\000o}{section.2.18}% 50
\BOOKMARK [1][-]{section.2.19}{\376\377\000C\000l\000a\000s\000s\000e\000s\000\040\000e\000\040\000O\000b\000j\000e\000t\000o\000s}{chapter*.4}% 51
\BOOKMARK [1][-]{section.2.20}{\376\377\000E\000x\000p\000l\000o\000r\000a\000\347\000\343\000o\000\040\000d\000e\000\040\000C\000o\000n\000c\000e\000i\000t\000o\000s\000\040\000F\000u\000n\000d\000a\000m\000e\000n\000t\000a\000i\000s}{chapter*.4}% 52
\BOOKMARK [2][-]{subsection.2.20.1}{\376\377\000C\000l\000a\000s\000s\000e\000s}{section.2.20}% 53
\BOOKMARK [2][-]{subsection.2.20.2}{\376\377\000O\000b\000j\000e\000t\000o\000s}{section.2.20}% 54
\BOOKMARK [1][-]{section.2.21}{\376\377\000E\000x\000e\000m\000p\000l\000o\000s\000\040\000C\000o\000m\000e\000n\000t\000a\000d\000o\000s\000\040\000e\000\040\000S\000u\000g\000e\000s\000t\000\365\000e\000s\000\040\000d\000e\000\040\000P\000r\000o\000m\000p\000t\000\040\000p\000a\000r\000a\000\040\000C\000h\000a\000t\000G\000P\000T}{chapter*.4}% 55
\BOOKMARK [2][-]{subsection.2.21.1}{\376\377\000E\000x\000e\000m\000p\000l\000o\000\040\000C\000o\000m\000e\000n\000t\000a\000d\000o}{section.2.21}% 56
\BOOKMARK [0][-]{chapter*.17}{\376\377\000C\000o\000n\000c\000e\000i\000t\000o\000s\000\040\000d\000e\000\040\000O\000r\000i\000e\000n\000t\000a\000\347\000\343\000o\000\040\000a\000\040\000O\000b\000j\000e\000t\000o\000s}{}% 57
\BOOKMARK [1][-]{section.2.22}{\376\377\000C\000l\000a\000s\000s\000e\000s\000\040\000e\000\040\000O\000b\000j\000e\000t\000o\000s}{chapter*.17}% 58
\BOOKMARK [1][-]{section.2.23}{\376\377\000H\000e\000r\000a\000n\000\347\000a\000\040\000e\000\040\000P\000o\000l\000i\000m\000o\000r\000f\000i\000s\000m\000o}{chapter*.17}% 59
\BOOKMARK [2][-]{subsection.2.23.1}{\376\377\000S\000u\000g\000e\000s\000t\000\365\000e\000s\000\040\000d\000e\000\040\000P\000r\000o\000m\000p\000t\000s\000\040\000p\000a\000r\000a\000\040\000C\000h\000a\000t\000G\000P\000T}{section.2.23}% 60
\BOOKMARK [1][-]{section.2.24}{\376\377\000E\000x\000e\000r\000c\000\355\000c\000i\000o\000s\000\040\000R\000e\000s\000o\000l\000v\000i\000d\000o\000s\000\040\000P\000a\000s\000s\000o\000\040\000a\000\040\000P\000a\000s\000s\000o}{chapter*.17}% 61
\BOOKMARK [2][-]{subsection.2.24.1}{\376\377\000E\000x\000e\000r\000c\000\355\000c\000i\000o\000\040\0001\000:\000\040\000C\000r\000i\000a\000r\000\040\000u\000m\000a\000\040\000C\000l\000a\000s\000s\000e\000\040\000`\000L\000i\000v\000r\000o\000`}{section.2.24}% 62
\BOOKMARK [2][-]{subsection.2.24.2}{\376\377\000E\000x\000e\000r\000c\000\355\000c\000i\000o\000\040\0002\000:\000\040\000M\000o\000d\000i\000f\000i\000c\000a\000r\000\040\000a\000\040\000C\000l\000a\000s\000s\000e\000\040\000`\000C\000a\000r\000r\000o\000`}{section.2.24}% 63
\BOOKMARK [1][-]{section.2.25}{\376\377\000E\000x\000e\000r\000c\000\355\000c\000i\000o\000s\000\040\000e\000\040\000M\000i\000n\000i\000\040\000P\000r\000o\000j\000e\000t\000o\000s\000\040\000p\000r\000o\000p\000o\000s\000t\000o\000s}{chapter*.17}% 64
\BOOKMARK [2][-]{subsection.2.25.1}{\376\377\000E\000x\000e\000r\000c\000\355\000c\000i\000o\000\040\0001\000:\000\040\000C\000l\000a\000s\000s\000e\000\040\000`\000A\000l\000u\000n\000o\000`}{section.2.25}% 65
\BOOKMARK [2][-]{subsection.2.25.2}{\376\377\000E\000x\000e\000r\000c\000\355\000c\000i\000o\000\040\0002\000:\000\040\000M\000i\000n\000i\000\040\000P\000r\000o\000j\000e\000t\000o\000\040\000-\000\040\000S\000i\000s\000t\000e\000m\000a\000\040\000d\000e\000\040\000B\000i\000b\000l\000i\000o\000t\000e\000c\000a}{section.2.25}% 66
\BOOKMARK [1][-]{section.2.26}{\376\377\000C\000o\000n\000c\000l\000u\000s\000\343\000o}{chapter*.17}% 67
\BOOKMARK [2][-]{subsection.2.26.1}{\376\377\000S\000u\000g\000e\000s\000t\000\365\000e\000s\000\040\000d\000e\000\040\000P\000r\000o\000m\000p\000t\000\040\000p\000a\000r\000a\000\040\000C\000h\000a\000t\000G\000P\000T}{section.2.26}% 68
\BOOKMARK [2][-]{subsection.2.26.2}{\376\377\000E\000x\000e\000r\000c\000\355\000c\000i\000o\000s\000\040\000R\000e\000s\000o\000l\000v\000i\000d\000o\000s\000\040\000P\000a\000s\000s\000o\000\040\000a\000\040\000P\000a\000s\000s\000o}{section.2.26}% 69
\BOOKMARK [2][-]{subsection.2.26.3}{\376\377\000S\000u\000g\000e\000s\000t\000\365\000e\000s\000\040\000d\000e\000\040\000P\000r\000o\000j\000e\000t\000o\000s}{section.2.26}% 70
\BOOKMARK [0][-]{chapter*.18}{\376\377\000I\000n\000t\000e\000g\000r\000a\000\347\000\343\000o\000\040\000c\000o\000m\000\040\000I\000A}{}% 71
\BOOKMARK [1][-]{section.2.27}{\376\377\000I\000n\000t\000r\000o\000d\000u\000\347\000\343\000o\000\040\000\340\000\040\000I\000n\000t\000e\000l\000i\000g\000\352\000n\000c\000i\000a\000\040\000A\000r\000t\000i\000f\000i\000c\000i\000a\000l}{chapter*.18}% 72
\BOOKMARK [1][-]{section.2.28}{\376\377\000B\000i\000b\000l\000i\000o\000t\000e\000c\000a\000s\000\040\000d\000e\000\040\000I\000A\000\040\000e\000m\000\040\000J\000a\000v\000a}{chapter*.18}% 73
\BOOKMARK [1][-]{section.2.29}{\376\377\000P\000a\000s\000s\000o\000\040\000a\000\040\000P\000a\000s\000s\000o\000\040\000p\000a\000r\000a\000\040\000I\000n\000s\000t\000a\000l\000a\000r\000\040\000e\000\040\000U\000t\000i\000l\000i\000z\000a\000r\000\040\000B\000i\000b\000l\000i\000o\000t\000e\000c\000a\000s\000\040\000d\000e\000\040\000I\000A\000\040\000e\000m\000\040\000J\000a\000v\000a}{chapter*.18}% 74
\BOOKMARK [2][-]{subsection.2.29.1}{\376\377\000E\000s\000c\000o\000l\000h\000e\000r\000\040\000u\000m\000a\000\040\000B\000i\000b\000l\000i\000o\000t\000e\000c\000a}{section.2.29}% 75
\BOOKMARK [2][-]{subsection.2.29.2}{\376\377\000A\000d\000i\000c\000i\000o\000n\000a\000r\000\040\000a\000\040\000B\000i\000b\000l\000i\000o\000t\000e\000c\000a\000\040\000a\000o\000\040\000s\000e\000u\000\040\000P\000r\000o\000j\000e\000t\000o}{section.2.29}% 76
\BOOKMARK [2][-]{subsection.2.29.3}{\376\377\000C\000o\000n\000f\000i\000g\000u\000r\000a\000r\000\040\000e\000\040\000U\000s\000a\000r\000\040\000a\000\040\000B\000i\000b\000l\000i\000o\000t\000e\000c\000a}{section.2.29}% 77
\BOOKMARK [1][-]{section.2.30}{\376\377\000P\000r\000o\000j\000e\000t\000o\000s\000\040\000i\000n\000i\000c\000i\000a\000i\000s\000\040\000u\000t\000i\000l\000i\000z\000a\000n\000d\000o\000\040\000I\000A}{chapter*.18}% 78
\BOOKMARK [1][-]{section.2.31}{\376\377\000S\000u\000g\000e\000s\000t\000\365\000e\000s\000\040\000d\000e\000\040\000P\000r\000o\000m\000p\000t\000\040\000p\000a\000r\000a\000\040\000C\000h\000a\000t\000G\000P\000T}{chapter*.18}% 79
\BOOKMARK [1][-]{section.2.32}{\376\377\000P\000r\000o\000j\000e\000t\000o\000s\000\040\000S\000i\000m\000p\000l\000e\000s\000\040\000P\000a\000s\000s\000o\000\040\000a\000\040\000P\000a\000s\000s\000o}{chapter*.18}% 80
\BOOKMARK [2][-]{subsection.2.32.1}{\376\377\000P\000r\000o\000j\000e\000t\000o\000\040\0001\000:\000\040\000C\000l\000a\000s\000s\000i\000f\000i\000c\000a\000d\000o\000r\000\040\000d\000e\000\040\000T\000e\000x\000t\000o\000\040\000S\000i\000m\000p\000l\000e\000s}{section.2.32}% 81
\BOOKMARK [2][-]{subsection.2.32.2}{\376\377\000P\000r\000o\000j\000e\000t\000o\000\040\0002\000:\000\040\000R\000e\000c\000o\000m\000e\000n\000d\000a\000d\000o\000r\000\040\000d\000e\000\040\000I\000t\000e\000n\000s\000\040\000S\000i\000m\000p\000l\000e\000s}{section.2.32}% 82
\BOOKMARK [1][-]{section.2.33}{\376\377\000P\000r\000o\000j\000e\000t\000o\000s\000\040\000P\000r\000o\000p\000o\000s\000t\000o\000s\000\040\000c\000o\000m\000\040\000P\000a\000s\000s\000o\000s}{chapter*.18}% 83
\BOOKMARK [2][-]{subsection.2.33.1}{\376\377\000P\000r\000o\000j\000e\000t\000o\000\040\0001\000:\000\040\000D\000e\000t\000e\000c\000\347\000\343\000o\000\040\000d\000e\000\040\000A\000n\000o\000m\000a\000l\000i\000a\000s\000\040\000e\000m\000\040\000D\000a\000d\000o\000s\000\040\000d\000e\000\040\000S\000e\000n\000s\000o\000r}{section.2.33}% 84
\BOOKMARK [2][-]{subsection.2.33.2}{\376\377\000P\000r\000o\000j\000e\000t\000o\000\040\0002\000:\000\040\000A\000n\000a\000l\000i\000s\000a\000d\000o\000r\000\040\000d\000e\000\040\000T\000e\000n\000d\000\352\000n\000c\000i\000a\000s\000\040\000e\000m\000\040\000D\000a\000d\000o\000s\000\040\000d\000e\000\040\000R\000e\000d\000e\000s\000\040\000S\000o\000c\000i\000a\000i\000s}{section.2.33}% 85
\BOOKMARK [2][-]{subsection.2.33.3}{\376\377\000P\000r\000o\000j\000e\000t\000o\000\040\0003\000:\000\040\000C\000l\000a\000s\000s\000i\000f\000i\000c\000a\000d\000o\000r\000\040\000d\000e\000\040\000I\000m\000a\000g\000e\000n\000s\000\040\000c\000o\000m\000\040\000R\000e\000d\000e\000s\000\040\000N\000e\000u\000r\000a\000i\000s}{section.2.33}% 86
\BOOKMARK [2][-]{subsection.2.33.4}{\376\377\000P\000r\000o\000j\000e\000t\000o\000\040\0004\000:\000\040\000S\000i\000s\000t\000e\000m\000a\000\040\000d\000e\000\040\000P\000r\000e\000v\000i\000s\000\343\000o\000\040\000d\000e\000\040\000S\000\351\000r\000i\000e\000s\000\040\000T\000e\000m\000p\000o\000r\000a\000i\000s}{section.2.33}% 87
\BOOKMARK [2][-]{subsection.2.33.5}{\376\377\000P\000r\000o\000j\000e\000t\000o\000\040\0005\000:\000\040\000A\000s\000s\000i\000s\000t\000e\000n\000t\000e\000\040\000V\000i\000r\000t\000u\000a\000l\000\040\000p\000a\000r\000a\000\040\000A\000n\000\341\000l\000i\000s\000e\000\040\000d\000e\000\040\000D\000a\000d\000o\000s}{section.2.33}% 88
\BOOKMARK [0][-]{chapter*.22}{\376\377\000D\000e\000s\000e\000n\000v\000o\000l\000v\000i\000m\000e\000n\000t\000o\000\040\000B\000a\000c\000k\000-\000e\000n\000d\000\040\000c\000o\000m\000\040\000J\000a\000v\000a}{}% 89
\BOOKMARK [1][-]{section.2.34}{\376\377\000P\000a\000s\000s\000o\000\040\000a\000\040\000P\000a\000s\000s\000o\000\040\000p\000a\000r\000a\000\040\000I\000n\000s\000t\000a\000l\000a\000r\000\040\000e\000\040\000U\000t\000i\000l\000i\000z\000a\000r}{chapter*.22}% 90
\BOOKMARK [2][-]{subsection.2.34.1}{\376\377\000I\000n\000s\000t\000a\000l\000a\000r\000\040\000o\000\040\000J\000a\000v\000a\000\040\000D\000e\000v\000e\000l\000o\000p\000m\000e\000n\000t\000\040\000K\000i\000t\000\040\000\050\000J\000D\000K\000\051}{section.2.34}% 91
\BOOKMARK [2][-]{subsection.2.34.2}{\376\377\000C\000o\000n\000f\000i\000g\000u\000r\000a\000r\000\040\000o\000\040\000A\000m\000b\000i\000e\000n\000t\000e\000\040\000d\000e\000\040\000D\000e\000s\000e\000n\000v\000o\000l\000v\000i\000m\000e\000n\000t\000o}{section.2.34}% 92
\BOOKMARK [2][-]{subsection.2.34.3}{\376\377\000C\000r\000i\000a\000r\000\040\000u\000m\000\040\000P\000r\000o\000j\000e\000t\000o\000\040\000B\000a\000c\000k\000-\000e\000n\000d\000\040\000c\000o\000m\000\040\000S\000p\000r\000i\000n\000g\000\040\000B\000o\000o\000t}{section.2.34}% 93
\BOOKMARK [2][-]{subsection.2.34.4}{\376\377\000I\000m\000p\000o\000r\000t\000a\000r\000\040\000o\000\040\000P\000r\000o\000j\000e\000t\000o\000\040\000n\000a\000\040\000I\000D\000E}{section.2.34}% 94
\BOOKMARK [2][-]{subsection.2.34.5}{\376\377\000C\000o\000n\000f\000i\000g\000u\000r\000a\000r\000\040\000o\000\040\000B\000a\000n\000c\000o\000\040\000d\000e\000\040\000D\000a\000d\000o\000s}{section.2.34}% 95
\BOOKMARK [2][-]{subsection.2.34.6}{\376\377\000C\000r\000i\000a\000r\000\040\000u\000m\000a\000\040\000E\000n\000t\000i\000d\000a\000d\000e\000\040\000J\000P\000A}{section.2.34}% 96
\BOOKMARK [2][-]{subsection.2.34.7}{\376\377\000C\000r\000i\000a\000r\000\040\000u\000m\000\040\000R\000e\000p\000o\000s\000i\000t\000\363\000r\000i\000o}{section.2.34}% 97
\BOOKMARK [2][-]{subsection.2.34.8}{\376\377\000C\000r\000i\000a\000r\000\040\000u\000m\000\040\000C\000o\000n\000t\000r\000o\000l\000a\000d\000o\000r}{section.2.34}% 98
\BOOKMARK [2][-]{subsection.2.34.9}{\376\377\000E\000x\000e\000c\000u\000t\000a\000r\000\040\000a\000\040\000A\000p\000l\000i\000c\000a\000\347\000\343\000o}{section.2.34}% 99
\BOOKMARK [2][-]{subsection.2.34.10}{\376\377\000E\000x\000e\000r\000c\000\355\000c\000i\000o\000s\000\040\000R\000e\000s\000o\000l\000v\000i\000d\000o\000s\000\040\000P\000a\000s\000s\000o\000\040\000a\000\040\000P\000a\000s\000s\000o}{section.2.34}% 100
\BOOKMARK [2][-]{subsection.2.34.11}{\376\377\000P\000r\000o\000j\000e\000t\000o\000s\000\040\000R\000e\000a\000i\000s}{section.2.34}% 101
\BOOKMARK [1][-]{section.2.35}{\376\377\000I\000n\000t\000r\000o\000d\000u\000\347\000\343\000o\000\040\000a\000\040\000S\000e\000r\000v\000l\000e\000t\000s\000\040\000e\000\040\000J\000S\000P}{chapter*.22}% 102
\BOOKMARK [1][-]{section.2.36}{\376\377\000C\000o\000n\000c\000e\000i\000t\000o\000s\000\040\000F\000u\000n\000d\000a\000m\000e\000n\000t\000a\000i\000s}{chapter*.22}% 103
\BOOKMARK [2][-]{subsection.2.36.1}{\376\377\000S\000e\000r\000v\000l\000e\000t\000s}{section.2.36}% 104
\BOOKMARK [2][-]{subsection.2.36.2}{\376\377\000J\000S\000P\000\040\000\050\000J\000a\000v\000a\000S\000e\000r\000v\000e\000r\000\040\000P\000a\000g\000e\000s\000\051}{section.2.36}% 105
\BOOKMARK [1][-]{section.2.37}{\376\377\000E\000x\000e\000m\000p\000l\000o\000s\000\040\000C\000o\000m\000e\000n\000t\000a\000d\000o\000s\000\040\000e\000\040\000S\000u\000g\000e\000s\000t\000\365\000e\000s\000\040\000d\000e\000\040\000P\000r\000o\000m\000p\000t}{chapter*.22}% 106
\BOOKMARK [2][-]{subsection.2.37.1}{\376\377\000E\000x\000e\000m\000p\000l\000o\000\040\000C\000o\000m\000e\000n\000t\000a\000d\000o\000\040\000d\000e\000\040\000S\000e\000r\000v\000l\000e\000t}{section.2.37}% 107
\BOOKMARK [2][-]{subsection.2.37.2}{\376\377\000E\000x\000e\000m\000p\000l\000o\000\040\000C\000o\000m\000e\000n\000t\000a\000d\000o\000\040\000d\000e\000\040\000J\000S\000P}{section.2.37}% 108
\BOOKMARK [1][-]{section.2.38}{\376\377\000E\000x\000e\000r\000c\000\355\000c\000i\000o\000s\000\040\000R\000e\000s\000o\000l\000v\000i\000d\000o\000s\000\040\000P\000a\000s\000s\000o\000\040\000a\000\040\000P\000a\000s\000s\000o}{chapter*.22}% 109
\BOOKMARK [2][-]{subsection.2.38.1}{\376\377\000E\000x\000e\000r\000c\000\355\000c\000i\000o\000\040\0001\000:\000\040\000S\000e\000r\000v\000l\000e\000t\000\040\000c\000o\000m\000\040\000M\000e\000n\000s\000a\000g\000e\000m\000\040\000P\000e\000r\000s\000o\000n\000a\000l\000i\000z\000a\000d\000a}{section.2.38}% 110
\BOOKMARK [2][-]{subsection.2.38.2}{\376\377\000E\000x\000e\000r\000c\000\355\000c\000i\000o\000\040\0002\000:\000\040\000J\000S\000P\000\040\000c\000o\000m\000\040\000L\000i\000s\000t\000a\000\040\000d\000e\000\040\000I\000t\000e\000n\000s}{section.2.38}% 111
\BOOKMARK [1][-]{section.2.39}{\376\377\000E\000x\000e\000r\000c\000\355\000c\000i\000o\000s\000\040\000A\000d\000i\000c\000i\000o\000n\000a\000i\000s\000\040\000e\000\040\000P\000r\000o\000j\000e\000t\000o\000s\000\040\000R\000e\000a\000i\000s}{chapter*.22}% 112
\BOOKMARK [2][-]{subsection.2.39.1}{\376\377\000E\000x\000e\000r\000c\000\355\000c\000i\000o\000\040\000A\000d\000i\000c\000i\000o\000n\000a\000l\000\040\0001\000:\000\040\000S\000i\000s\000t\000e\000m\000a\000\040\000d\000e\000\040\000L\000o\000g\000i\000n}{section.2.39}% 113
\BOOKMARK [2][-]{subsection.2.39.2}{\376\377\000E\000x\000e\000r\000c\000\355\000c\000i\000o\000\040\000A\000d\000i\000c\000i\000o\000n\000a\000l\000\040\0002\000:\000\040\000L\000i\000s\000t\000a\000\040\000d\000e\000\040\000T\000a\000r\000e\000f\000a\000s}{section.2.39}% 114
\BOOKMARK [1][-]{section.2.40}{\376\377\000E\000x\000p\000l\000o\000r\000a\000n\000d\000o\000\040\000o\000\040\000M\000u\000n\000d\000o\000\040\000d\000o\000s\000\040\000F\000r\000a\000m\000e\000w\000o\000r\000k\000s\000\040\000P\000o\000p\000u\000l\000a\000r\000e\000s\000:\000\040\000S\000p\000r\000i\000n\000g\000\040\000B\000o\000o\000t}{chapter*.22}% 115
\BOOKMARK [2][-]{subsection.2.40.1}{\376\377\000I\000n\000t\000r\000o\000d\000u\000\347\000\343\000o\000\040\000C\000r\000i\000a\000t\000i\000v\000a\000\040\000e\000\040\000M\000o\000d\000e\000r\000n\000a}{section.2.40}% 116
\BOOKMARK [2][-]{subsection.2.40.2}{\376\377\000C\000o\000n\000c\000e\000i\000t\000o\000s\000\040\000F\000u\000n\000d\000a\000m\000e\000n\000t\000a\000i\000s}{section.2.40}% 117
\BOOKMARK [2][-]{subsection.2.40.3}{\376\377\000E\000x\000e\000m\000p\000l\000o\000s\000\040\000C\000o\000m\000e\000n\000t\000a\000d\000o\000s\000\040\000e\000\040\000S\000u\000g\000e\000s\000t\000\365\000e\000s\000\040\000d\000e\000\040\000P\000r\000o\000m\000p\000t}{section.2.40}% 118
\BOOKMARK [2][-]{subsection.2.40.4}{\376\377\000E\000x\000e\000r\000c\000\355\000c\000i\000o\000s\000\040\000R\000e\000s\000o\000l\000v\000i\000d\000o\000s\000\040\000P\000a\000s\000s\000o\000\040\000a\000\040\000P\000a\000s\000s\000o}{section.2.40}% 119
\BOOKMARK [1][-]{section.2.41}{\376\377\000P\000r\000o\000j\000e\000t\000o\000\040\000P\000r\000\341\000t\000i\000c\000o\000:\000\040\000A\000P\000I\000\040\000d\000e\000\040\000G\000e\000r\000e\000n\000c\000i\000a\000m\000e\000n\000t\000o\000\040\000d\000e\000\040\000T\000a\000r\000e\000f\000a\000s}{chapter*.22}% 120
\BOOKMARK [2][-]{subsection.2.41.1}{\376\377\000E\000x\000e\000r\000c\000\355\000c\000i\000o\000s\000\040\000A\000d\000i\000c\000i\000o\000n\000a\000i\000s\000\040\000e\000\040\000P\000r\000o\000j\000e\000t\000o\000s\000\040\000R\000e\000a\000i\000s}{section.2.41}% 121
\BOOKMARK [1][-]{section.2.42}{\376\377\000C\000r\000i\000a\000\347\000\343\000o\000\040\000d\000e\000\040\000A\000P\000I\000s\000\040\000R\000E\000S\000T\000f\000u\000l}{chapter*.22}% 122
\BOOKMARK [1][-]{section.2.43}{\376\377\000I\000n\000t\000r\000o\000d\000u\000\347\000\343\000o}{chapter*.22}% 123
\BOOKMARK [1][-]{section.2.44}{\376\377\000C\000o\000n\000c\000e\000i\000t\000o\000s\000\040\000F\000u\000n\000d\000a\000m\000e\000n\000t\000a\000i\000s}{chapter*.22}% 124
\BOOKMARK [1][-]{section.2.45}{\376\377\000E\000x\000e\000m\000p\000l\000o\000s\000\040\000C\000o\000m\000e\000n\000t\000a\000d\000o\000s\000\040\000e\000\040\000E\000x\000p\000l\000i\000c\000a\000\347\000\365\000e\000s\000\040\000P\000a\000s\000s\000o\000\040\000a\000\040\000P\000a\000s\000s\000o}{chapter*.22}% 125
\BOOKMARK [2][-]{subsection.2.45.1}{\376\377\000E\000x\000e\000m\000p\000l\000o\000\040\0001\000:\000\040\000C\000r\000i\000a\000\347\000\343\000o\000\040\000d\000e\000\040\000u\000m\000a\000\040\000A\000P\000I\000\040\000R\000E\000S\000T\000f\000u\000l\000\040\000B\000\341\000s\000i\000c\000a\000\040\000c\000o\000m\000\040\000S\000p\000r\000i\000n\000g\000\040\000B\000o\000o\000t}{section.2.45}% 126
\BOOKMARK [1][-]{section.2.46}{\376\377\000E\000x\000e\000r\000c\000\355\000c\000i\000o\000s\000\040\000R\000e\000s\000o\000l\000v\000i\000d\000o\000s\000\040\000P\000a\000s\000s\000o\000\040\000a\000\040\000P\000a\000s\000s\000o}{chapter*.22}% 127
\BOOKMARK [2][-]{subsection.2.46.1}{\376\377\000E\000x\000e\000r\000c\000\355\000c\000i\000o\000\040\0001\000:\000\040\000C\000r\000i\000a\000r\000\040\000u\000m\000\040\000E\000n\000d\000p\000o\000i\000n\000t\000\040\000p\000a\000r\000a\000\040\000B\000u\000s\000c\000a\000r\000\040\000L\000i\000v\000r\000o\000s\000\040\000p\000o\000r\000\040\000A\000u\000t\000o\000r}{section.2.46}% 128
\BOOKMARK [2][-]{subsection.2.46.2}{\376\377\000E\000x\000e\000r\000c\000\355\000c\000i\000o\000\040\0002\000:\000\040\000A\000d\000i\000c\000i\000o\000n\000a\000r\000\040\000V\000a\000l\000i\000d\000a\000\347\000\343\000o\000\040\000a\000o\000\040\000C\000r\000i\000a\000r\000\040\000u\000m\000\040\000N\000o\000v\000o\000\040\000L\000i\000v\000r\000o}{section.2.46}% 129
\BOOKMARK [1][-]{section.2.47}{\376\377\000E\000x\000e\000r\000c\000\355\000c\000i\000o\000s\000\040\000p\000r\000o\000p\000o\000s\000t\000o\000s\000\040\000e\000\040\000P\000r\000o\000j\000e\000t\000o\000s}{chapter*.22}% 130
\BOOKMARK [0][-]{chapter*.44}{\376\377\000P\000r\000o\000j\000e\000t\000o\000s\000\040\000P\000r\000\341\000t\000i\000c\000o\000s\000\040\000c\000o\000m\000\040\000I\000A}{}% 131
\BOOKMARK [1][-]{section.2.48}{\376\377\000I\000n\000t\000r\000o\000d\000u\000\347\000\343\000o}{chapter*.44}% 132
\BOOKMARK [1][-]{section.2.49}{\376\377\000P\000r\000o\000j\000e\000t\000o\000s\000\040\000P\000r\000\341\000t\000i\000c\000o\000s\000\040\000R\000e\000s\000o\000l\000v\000i\000d\000o\000s\000\040\000P\000a\000s\000s\000o\000\040\000a\000\040\000P\000a\000s\000s\000o}{chapter*.44}% 133
\BOOKMARK [2][-]{subsection.2.49.1}{\376\377\000P\000r\000e\000v\000i\000s\000\343\000o\000\040\000d\000e\000\040\000P\000r\000e\000\347\000o\000s\000\040\000d\000e\000\040\000I\000m\000\363\000v\000e\000i\000s}{section.2.49}% 134
\BOOKMARK [2][-]{subsection.2.49.2}{\376\377\000A\000n\000\341\000l\000i\000s\000e\000\040\000d\000e\000\040\000S\000e\000n\000t\000i\000m\000e\000n\000t\000o\000s}{section.2.49}% 135
\BOOKMARK [1][-]{section.2.50}{\376\377\000P\000r\000o\000j\000e\000t\000o\000:\000\040\000C\000h\000a\000t\000b\000o\000t\000\040\000S\000i\000m\000p\000l\000e\000s}{chapter*.44}% 136
\BOOKMARK [2][-]{subsection.2.50.1}{\376\377\000O\000b\000j\000e\000t\000i\000v\000o}{section.2.50}% 137
\BOOKMARK [2][-]{subsection.2.50.2}{\376\377\000P\000a\000s\000s\000o\000s}{section.2.50}% 138
\BOOKMARK [2][-]{subsection.2.50.3}{\376\377\000C\000\363\000d\000i\000g\000o}{section.2.50}% 139
\BOOKMARK [1][-]{section.2.51}{\376\377\000P\000r\000o\000j\000e\000t\000o\000s\000\040\000P\000r\000o\000p\000o\000s\000t\000o\000s}{chapter*.44}% 140
\BOOKMARK [2][-]{subsection.2.51.1}{\376\377\000R\000e\000c\000o\000n\000h\000e\000c\000i\000m\000e\000n\000t\000o\000\040\000d\000e\000\040\000D\000\355\000g\000i\000t\000o\000s\000\040\000M\000a\000n\000u\000s\000c\000r\000i\000t\000o\000s\000\040\000c\000o\000m\000\040\000R\000e\000d\000e\000s\000\040\000N\000e\000u\000r\000a\000i\000s}{section.2.51}% 141
\BOOKMARK [2][-]{subsection.2.51.2}{\376\377\000D\000e\000t\000e\000c\000\347\000\343\000o\000\040\000d\000e\000\040\000F\000r\000a\000u\000d\000e\000s\000\040\000e\000m\000\040\000T\000r\000a\000n\000s\000a\000\347\000\365\000e\000s\000\040\000F\000i\000n\000a\000n\000c\000e\000i\000r\000a\000s}{section.2.51}% 142
\BOOKMARK [2][-]{subsection.2.51.3}{\376\377\000S\000i\000s\000t\000e\000m\000a\000\040\000d\000e\000\040\000R\000e\000c\000o\000m\000e\000n\000d\000a\000\347\000\343\000o\000\040\000d\000e\000\040\000F\000i\000l\000m\000e\000s}{section.2.51}% 143
\BOOKMARK [1][-]{section.2.52}{\376\377\000C\000o\000n\000c\000l\000u\000s\000\343\000o}{chapter*.44}% 144
\BOOKMARK [0][-]{chapter*.51}{\376\377\000E\000n\000g\000e\000n\000h\000a\000r\000i\000a\000\040\000d\000e\000\040\000P\000r\000o\000m\000p\000t\000\040\040\023\000\040\000A\000\040\000A\000r\000t\000e\000\040\000d\000e\000\040\000C\000o\000n\000v\000e\000r\000s\000a\000r\000\040\000c\000o\000m\000\040\000M\000\341\000q\000u\000i\000n\000a\000s}{}% 145
\BOOKMARK [1][-]{section.2.53}{\376\377\000I\000n\000t\000r\000o\000d\000u\000\347\000\343\000o\000:\000\040\000A\000\040\000M\000a\000g\000i\000a\000\040\000d\000a\000\040\000C\000o\000m\000u\000n\000i\000c\000a\000\347\000\343\000o\000\040\000D\000i\000g\000i\000t\000a\000l}{chapter*.51}% 146
\BOOKMARK [1][-]{section.2.54}{\376\377\000O\000\040\000Q\000u\000e\000\040\000\351\000\040\000E\000n\000g\000e\000n\000h\000a\000r\000i\000a\000\040\000d\000e\000\040\000P\000r\000o\000m\000p\000t\000?}{chapter*.51}% 147
\BOOKMARK [1][-]{section.2.55}{\376\377\000E\000x\000e\000m\000p\000l\000o\000s\000\040\000d\000e\000\040\000P\000r\000o\000m\000p\000t\000s}{chapter*.51}% 148
\BOOKMARK [1][-]{section.2.56}{\376\377\000E\000x\000e\000r\000c\000\355\000c\000i\000o\000s\000\040\000P\000r\000\341\000t\000i\000c\000o\000s}{chapter*.51}% 149
\BOOKMARK [1][-]{section.2.57}{\376\377\000S\000u\000g\000e\000s\000t\000\365\000e\000s\000\040\000d\000e\000\040\000P\000r\000o\000j\000e\000t\000o\000s\000\040\000R\000e\000a\000i\000s}{chapter*.51}% 150
\BOOKMARK [0][-]{chapter*.52}{\376\377\000P\000r\000o\000j\000e\000t\000o\000s\000\040\000A\000v\000a\000n\000\347\000a\000d\000o\000s\000\040\000d\000e\000\040\000B\000a\000c\000k\000-\000e\000n\000d}{}% 151
\BOOKMARK [1][-]{section.2.58}{\376\377\000I\000n\000t\000r\000o\000d\000u\000\347\000\343\000o\000:\000\040\000A\000\040\000J\000o\000r\000n\000a\000d\000a\000\040\000d\000o\000\040\000E\000x\000p\000l\000o\000r\000a\000d\000o\000r\000\040\000d\000e\000\040\000B\000a\000c\000k\000-\000e\000n\000d}{chapter*.52}% 152
\BOOKMARK [1][-]{section.2.59}{\376\377\000C\000o\000n\000c\000e\000i\000t\000o\000s\000\040\000F\000u\000n\000d\000a\000m\000e\000n\000t\000a\000i\000s}{chapter*.52}% 153
\BOOKMARK [1][-]{section.2.60}{\376\377\000P\000r\000o\000j\000e\000t\000o\000\040\000P\000r\000\341\000t\000i\000c\000o\000\040\0001\000:\000\040\000S\000i\000s\000t\000e\000m\000a\000\040\000d\000e\000\040\000G\000e\000s\000t\000\343\000o\000\040\000d\000e\000\040\000T\000a\000r\000e\000f\000a\000s\000\040\000c\000o\000m\000\040\000S\000p\000r\000i\000n\000g\000\040\000B\000o\000o\000t}{chapter*.52}% 154
\BOOKMARK [2][-]{subsection.2.60.1}{\376\377\000P\000a\000s\000s\000o\000\040\0001\000:\000\040\000C\000o\000n\000f\000i\000g\000u\000r\000a\000\347\000\343\000o\000\040\000d\000o\000\040\000A\000m\000b\000i\000e\000n\000t\000e}{section.2.60}% 155
\BOOKMARK [2][-]{subsection.2.60.2}{\376\377\000P\000a\000s\000s\000o\000\040\0002\000:\000\040\000D\000e\000f\000i\000n\000i\000\347\000\343\000o\000\040\000d\000a\000s\000\040\000E\000n\000t\000i\000d\000a\000d\000e\000s}{section.2.60}% 156
\BOOKMARK [2][-]{subsection.2.60.3}{\376\377\000P\000a\000s\000s\000o\000\040\0003\000:\000\040\000C\000r\000i\000a\000\347\000\343\000o\000\040\000d\000o\000\040\000R\000e\000p\000o\000s\000i\000t\000\363\000r\000i\000o}{section.2.60}% 157
\BOOKMARK [2][-]{subsection.2.60.4}{\376\377\000P\000a\000s\000s\000o\000\040\0004\000:\000\040\000D\000e\000s\000e\000n\000v\000o\000l\000v\000i\000m\000e\000n\000t\000o\000\040\000d\000o\000\040\000S\000e\000r\000v\000i\000\347\000o}{section.2.60}% 158
\BOOKMARK [2][-]{subsection.2.60.5}{\376\377\000P\000a\000s\000s\000o\000\040\0005\000:\000\040\000I\000m\000p\000l\000e\000m\000e\000n\000t\000a\000\347\000\343\000o\000\040\000d\000o\000\040\000C\000o\000n\000t\000r\000o\000l\000a\000d\000o\000r}{section.2.60}% 159
\BOOKMARK [1][-]{section.2.61}{\376\377\000M\000i\000c\000r\000o\000s\000s\000e\000r\000v\000i\000\347\000o\000s}{chapter*.52}% 160
\BOOKMARK [1][-]{section.2.62}{\376\377\000C\000o\000n\000c\000e\000i\000t\000o\000s\000\040\000F\000u\000n\000d\000a\000m\000e\000n\000t\000a\000i\000s}{chapter*.52}% 161
\BOOKMARK [2][-]{subsection.2.62.1}{\376\377\000D\000e\000f\000i\000n\000i\000\347\000\343\000o\000\040\000d\000e\000\040\000M\000i\000c\000r\000o\000s\000s\000e\000r\000v\000i\000\347\000o\000s}{section.2.62}% 162
\BOOKMARK [2][-]{subsection.2.62.2}{\376\377\000C\000o\000m\000p\000o\000n\000e\000n\000t\000e\000s\000\040\000P\000r\000i\000n\000c\000i\000p\000a\000i\000s}{section.2.62}% 163
\BOOKMARK [2][-]{subsection.2.62.3}{\376\377\000D\000e\000s\000e\000n\000v\000o\000l\000v\000i\000m\000e\000n\000t\000o\000\040\000d\000e\000\040\000M\000i\000c\000r\000o\000s\000s\000e\000r\000v\000i\000\347\000o\000s\000\040\000c\000o\000m\000\040\000J\000a\000v\000a}{section.2.62}% 164
\BOOKMARK [1][-]{section.2.63}{\376\377\000E\000x\000e\000m\000p\000l\000o\000s\000\040\000C\000o\000m\000e\000n\000t\000a\000d\000o\000s}{chapter*.52}% 165
\BOOKMARK [2][-]{subsection.2.63.1}{\376\377\000C\000r\000i\000a\000n\000d\000o\000\040\000u\000m\000\040\000M\000i\000c\000r\000o\000s\000s\000e\000r\000v\000i\000\347\000o\000\040\000S\000i\000m\000p\000l\000e\000s}{section.2.63}% 166
\BOOKMARK [2][-]{subsection.2.63.2}{\376\377\000C\000o\000m\000u\000n\000i\000c\000a\000\347\000\343\000o\000\040\000E\000n\000t\000r\000e\000\040\000M\000i\000c\000r\000o\000s\000s\000e\000r\000v\000i\000\347\000o\000s}{section.2.63}% 167
\BOOKMARK [1][-]{section.2.64}{\376\377\000P\000r\000o\000j\000e\000t\000o\000s\000\040\000R\000e\000a\000i\000s\000\040\000c\000o\000m\000\040\000M\000i\000c\000r\000o\000s\000s\000e\000r\000v\000i\000\347\000o\000s}{chapter*.52}% 168
\BOOKMARK [2][-]{subsection.2.64.1}{\376\377\000P\000r\000o\000j\000e\000t\000o\000\040\0001\000:\000\040\000S\000i\000s\000t\000e\000m\000a\000\040\000d\000e\000\040\000G\000e\000s\000t\000\343\000o\000\040\000d\000e\000\040\000P\000e\000d\000i\000d\000o\000s}{section.2.64}% 169
\BOOKMARK [2][-]{subsection.2.64.2}{\376\377\000P\000r\000o\000j\000e\000t\000o\000\040\0002\000:\000\040\000P\000l\000a\000t\000a\000f\000o\000r\000m\000a\000\040\000d\000e\000\040\000E\000-\000c\000o\000m\000m\000e\000r\000c\000e}{section.2.64}% 170
\BOOKMARK [1][-]{section.2.65}{\376\377\000P\000r\000o\000j\000e\000t\000o\000s\000\040\000P\000r\000o\000p\000o\000s\000t\000o\000s\000\040\000p\000a\000r\000a\000\040\000P\000r\000\341\000t\000i\000c\000a\000\040\000A\000d\000i\000c\000i\000o\000n\000a\000l}{chapter*.52}% 171
\BOOKMARK [2][-]{subsection.2.65.1}{\376\377\000P\000r\000o\000j\000e\000t\000o\000\040\000d\000e\000\040\000S\000i\000s\000t\000e\000m\000a\000\040\000d\000e\000\040\000R\000e\000s\000e\000r\000v\000a\000s\000\040\000d\000e\000\040\000H\000o\000t\000e\000l}{section.2.65}% 172
\BOOKMARK [2][-]{subsection.2.65.2}{\376\377\000P\000r\000o\000j\000e\000t\000o\000\040\000d\000e\000\040\000P\000l\000a\000t\000a\000f\000o\000r\000m\000a\000\040\000d\000e\000\040\000S\000t\000r\000e\000a\000m\000i\000n\000g}{section.2.65}% 173
\BOOKMARK [1][-]{section.2.66}{\376\377\000E\000x\000p\000l\000o\000r\000a\000\347\000\343\000o\000\040\000c\000o\000m\000\040\000C\000h\000a\000t\000G\000P\000T}{chapter*.52}% 174
\BOOKMARK [2][-]{subsection.2.66.1}{\376\377\000P\000r\000o\000m\000p\000t\000\040\0001}{section.2.66}% 175
\BOOKMARK [2][-]{subsection.2.66.2}{\376\377\000P\000r\000o\000m\000p\000t\000\040\0002}{section.2.66}% 176
\BOOKMARK [2][-]{subsection.2.66.3}{\376\377\000P\000r\000o\000m\000p\000t\000\040\0003}{section.2.66}% 177
\BOOKMARK [1][-]{section.2.67}{\376\377\000S\000e\000g\000u\000r\000a\000n\000\347\000a\000\040\000e\000\040\000a\000u\000t\000e\000n\000t\000i\000c\000a\000\347\000\343\000o}{chapter*.52}% 178
\BOOKMARK [2][-]{subsection.2.67.1}{\376\377\000I\000n\000t\000r\000o\000d\000u\000\347\000\343\000o}{section.2.67}% 179
\BOOKMARK [2][-]{subsection.2.67.2}{\376\377\000C\000o\000n\000c\000e\000i\000t\000o\000s\000\040\000F\000u\000n\000d\000a\000m\000e\000n\000t\000a\000i\000s}{section.2.67}% 180
\BOOKMARK [2][-]{subsection.2.67.3}{\376\377\000I\000m\000p\000l\000e\000m\000e\000n\000t\000a\000\347\000\343\000o\000\040\000P\000a\000s\000s\000o\000\040\000a\000\040\000P\000a\000s\000s\000o}{section.2.67}% 181
\BOOKMARK [2][-]{subsection.2.67.4}{\376\377\000C\000o\000n\000c\000l\000u\000s\000\343\000o}{section.2.67}% 182
\BOOKMARK [1][-]{section.2.68}{\376\377\000I\000n\000t\000e\000g\000r\000a\000\347\000\343\000o\000\040\000c\000o\000n\000t\000\355\000n\000u\000a\000\040\000e\000\040\000d\000e\000p\000l\000o\000y\000\040\000a\000u\000t\000o\000m\000a\000t\000i\000z\000a\000d\000o}{chapter*.52}% 183
\BOOKMARK [1][-]{section.2.69}{\376\377\000I\000n\000t\000r\000o\000d\000u\000\347\000\343\000o}{chapter*.52}% 184
\BOOKMARK [1][-]{section.2.70}{\376\377\000C\000o\000n\000c\000e\000i\000t\000o\000s\000\040\000F\000u\000n\000d\000a\000m\000e\000n\000t\000a\000i\000s}{chapter*.52}% 185
\BOOKMARK [2][-]{subsection.2.70.1}{\376\377\000I\000n\000t\000e\000g\000r\000a\000\347\000\343\000o\000\040\000C\000o\000n\000t\000\355\000n\000u\000a\000\040\000\050\000C\000I\000\051}{section.2.70}% 186
\BOOKMARK [2][-]{subsection.2.70.2}{\376\377\000D\000e\000p\000l\000o\000y\000\040\000A\000u\000t\000o\000m\000a\000t\000i\000z\000a\000d\000o}{section.2.70}% 187
\BOOKMARK [1][-]{section.2.71}{\376\377\000P\000a\000s\000s\000o\000\040\000a\000\040\000P\000a\000s\000s\000o\000\040\000p\000a\000r\000a\000\040\000I\000n\000t\000e\000g\000r\000a\000\347\000\343\000o\000\040\000C\000o\000n\000t\000\355\000n\000u\000a\000\040\000c\000o\000m\000\040\000J\000a\000v\000a}{chapter*.52}% 188
\BOOKMARK [2][-]{subsection.2.71.1}{\376\377\000C\000o\000n\000f\000i\000g\000u\000r\000a\000\347\000\343\000o\000\040\000d\000o\000\040\000P\000r\000o\000j\000e\000t\000o}{section.2.71}% 189
\BOOKMARK [2][-]{subsection.2.71.2}{\376\377\000C\000o\000n\000f\000i\000g\000u\000r\000a\000\347\000\343\000o\000\040\000d\000o\000\040\000R\000e\000p\000o\000s\000i\000t\000\363\000r\000i\000o\000\040\000d\000e\000\040\000C\000\363\000d\000i\000g\000o}{section.2.71}% 190
\BOOKMARK [2][-]{subsection.2.71.3}{\376\377\000C\000o\000n\000f\000i\000g\000u\000r\000a\000\347\000\343\000o\000\040\000d\000a\000\040\000I\000n\000t\000e\000g\000r\000a\000\347\000\343\000o\000\040\000C\000o\000n\000t\000\355\000n\000u\000a}{section.2.71}% 191
\BOOKMARK [2][-]{subsection.2.71.4}{\376\377\000C\000o\000n\000f\000i\000g\000u\000r\000a\000\347\000\343\000o\000\040\000d\000o\000\040\000D\000e\000p\000l\000o\000y\000\040\000A\000u\000t\000o\000m\000a\000t\000i\000z\000a\000d\000o}{section.2.71}% 192
\BOOKMARK [1][-]{section.2.72}{\376\377\000P\000r\000o\000j\000e\000t\000o\000s\000\040\000P\000r\000o\000p\000o\000s\000t\000o\000s}{chapter*.52}% 193
\BOOKMARK [2][-]{subsection.2.72.1}{\376\377\000P\000r\000o\000j\000e\000t\000o\000\040\0001\000:\000\040\000A\000p\000l\000i\000c\000a\000\347\000\343\000o\000\040\000d\000e\000\040\000G\000e\000r\000e\000n\000c\000i\000a\000m\000e\000n\000t\000o\000\040\000d\000e\000\040\000T\000a\000r\000e\000f\000a\000s}{section.2.72}% 194
\BOOKMARK [2][-]{subsection.2.72.2}{\376\377\000P\000r\000o\000j\000e\000t\000o\000\040\0002\000:\000\040\000A\000P\000I\000\040\000d\000e\000\040\000N\000o\000t\000i\000f\000i\000c\000a\000\347\000\365\000e\000s}{section.2.72}% 195
\BOOKMARK [1][-]{section.2.73}{\376\377\000C\000o\000n\000c\000l\000u\000s\000\343\000o}{chapter*.52}% 196
\BOOKMARK [1][-]{section.2.74}{\376\377\000P\000r\000o\000j\000e\000t\000o\000\040\000P\000r\000o\000p\000o\000s\000t\000o\000:\000\040\000P\000l\000a\000t\000a\000f\000o\000r\000m\000a\000\040\000d\000e\000\040\000M\000i\000c\000r\000o\000s\000e\000r\000v\000i\000\347\000o\000s\000\040\000p\000a\000r\000a\000\040\000E\000-\000c\000o\000m\000m\000e\000r\000c\000e}{chapter*.52}% 197
\BOOKMARK [1][-]{section.2.75}{\376\377\000C\000o\000n\000c\000l\000u\000s\000\343\000o}{chapter*.52}% 198
\BOOKMARK [0][-]{chapter*.58}{\376\377\000E\000s\000t\000u\000d\000o\000s\000\040\000d\000e\000\040\000C\000a\000s\000o}{}% 199
\BOOKMARK [1][-]{subsection.2.75.1}{\376\377\000C\000o\000n\000c\000e\000i\000t\000o\000s\000\040\000F\000u\000n\000d\000a\000m\000e\000n\000t\000a\000i\000s}{chapter*.58}% 200
\BOOKMARK [2][-]{subsection.2.75.2}{\376\377\000E\000s\000t\000u\000d\000o\000s\000\040\000d\000e\000\040\000C\000a\000s\000o\000s\000\040\000R\000e\000a\000i\000s}{subsection.2.75.1}% 201
\BOOKMARK [2][-]{subsection.2.75.3}{\376\377\000P\000r\000o\000j\000e\000t\000o\000s\000\040\000P\000r\000o\000p\000o\000s\000t\000o\000s}{subsection.2.75.1}% 202
\BOOKMARK [2][-]{subsection.2.75.4}{\376\377\000C\000o\000n\000c\000l\000u\000s\000\343\000o}{subsection.2.75.1}% 203
\BOOKMARK [0][-]{chapter*.63}{\376\377\000R\000e\000c\000u\000r\000s\000o\000s\000\040\000A\000d\000i\000c\000i\000o\000n\000a\000i\000s}{}% 204
\BOOKMARK [1][-]{section.2.76}{\376\377\000C\000o\000n\000c\000e\000i\000t\000o\000s\000\040\000F\000u\000n\000d\000a\000m\000e\000n\000t\000a\000i\000s}{chapter*.63}% 205
\BOOKMARK [1][-]{section.2.77}{\376\377\000E\000x\000e\000m\000p\000l\000o\000s\000\040\000C\000o\000m\000e\000n\000t\000a\000d\000o\000s}{chapter*.63}% 206
\BOOKMARK [2][-]{subsection.2.77.1}{\376\377\000I\000n\000t\000e\000g\000r\000a\000n\000d\000o\000\040\000H\000i\000b\000e\000r\000n\000a\000t\000e}{section.2.77}% 207
\BOOKMARK [2][-]{subsection.2.77.2}{\376\377\000U\000t\000i\000l\000i\000z\000a\000n\000d\000o\000\040\000A\000p\000a\000c\000h\000e\000\040\000K\000a\000f\000k\000a}{section.2.77}% 208
\BOOKMARK [1][-]{section.2.78}{\376\377\000S\000u\000g\000e\000s\000t\000\365\000e\000s\000\040\000d\000e\000\040\000P\000r\000o\000m\000p\000t\000s}{chapter*.63}% 209
\BOOKMARK [1][-]{section.2.79}{\376\377\000P\000r\000o\000j\000e\000t\000o\000s\000\040\000R\000e\000a\000i\000s\000\040\000e\000\040\000A\000t\000u\000a\000i\000s\000\040\000P\000a\000s\000s\000o\000\040\000a\000\040\000P\000a\000s\000s\000o}{chapter*.63}% 210
\BOOKMARK [2][-]{subsection.2.79.1}{\376\377\000P\000r\000o\000j\000e\000t\000o\000\040\0001\000:\000\040\000S\000i\000s\000t\000e\000m\000a\000\040\000d\000e\000\040\000G\000e\000s\000t\000\343\000o\000\040\000d\000e\000\040\000C\000o\000n\000t\000e\000\372\000d\000o\000\040\000c\000o\000m\000\040\000H\000i\000b\000e\000r\000n\000a\000t\000e}{section.2.79}% 211
\BOOKMARK [2][-]{subsection.2.79.2}{\376\377\000P\000r\000o\000j\000e\000t\000o\000\040\0002\000:\000\040\000S\000i\000s\000t\000e\000m\000a\000\040\000d\000e\000\040\000P\000r\000o\000c\000e\000s\000s\000a\000m\000e\000n\000t\000o\000\040\000d\000e\000\040\000E\000v\000e\000n\000t\000o\000s\000\040\000c\000o\000m\000\040\000K\000a\000f\000k\000a}{section.2.79}% 212
\BOOKMARK [1][-]{section.2.80}{\376\377\000P\000r\000o\000j\000e\000t\000o\000s\000\040\000P\000r\000o\000p\000o\000s\000t\000o\000s}{chapter*.63}% 213
\BOOKMARK [2][-]{subsection.2.80.1}{\376\377\000P\000r\000o\000j\000e\000t\000o\000\040\0001\000:\000\040\000A\000p\000l\000i\000c\000a\000\347\000\343\000o\000\040\000d\000e\000\040\000B\000u\000s\000c\000a\000\040\000c\000o\000m\000\040\000E\000l\000a\000s\000t\000i\000c\000s\000e\000a\000r\000c\000h}{section.2.80}% 214
\BOOKMARK [2][-]{subsection.2.80.2}{\376\377\000P\000r\000o\000j\000e\000t\000o\000\040\0002\000:\000\040\000D\000o\000c\000u\000m\000e\000n\000t\000a\000\347\000\343\000o\000\040\000d\000e\000\040\000A\000P\000I\000\040\000c\000o\000m\000\040\000S\000w\000a\000g\000g\000e\000r}{section.2.80}% 215
\BOOKMARK [1][-]{section.2.81}{\376\377\000C\000o\000n\000c\000l\000u\000s\000\343\000o}{chapter*.63}% 216
\BOOKMARK [0][-]{chapter*.64}{\376\377\000P\000r\000o\000j\000e\000t\000o\000s\000\040\000F\000i\000n\000a\000i\000s}{}% 217
